# JRE version: OpenJDK Runtime Environment (21.0.3) (build 21.0.3+-12282718-b509.11)
# Java VM: OpenJDK 64-Bit Server VM (21.0.3+-12282718-b509.11, mixed mode, tiered, compressed oops, compressed class ptrs, g1 gc, windows-amd64)
GC Precious Log:
 CardTable entry size: 512
 Card Set container configuration: InlinePtr #cards 5 size 8 Array Of Cards #cards 12 size 40 Howl #buckets 4 coarsen threshold 1843 Howl Bitmap #cards 512 size 80 coarsen threshold 460 Card regions per heap region 1 cards per card region 2048
 CPUs: 8 total, 8 available
 Memory: 8089M
 Large Page Support: Disabled
 NUMA Support: Disabled
 Compressed Oops: Enabled (32-bit)
 Heap Region Size: 1M
 Heap Min Capacity: 8M
 Heap Initial Capacity: 128M
 Heap Max Capacity: 2G
 Pre-touch: Disabled
 Parallel Workers: 8
 Concurrent Workers: 2
 Concurrent Refinement Workers: 8
 Periodic GC: Disabled
Heap:
 garbage-first heap   total 142336K, used 88006K [0x0000000080000000, 0x0000000100000000)
  region size 1024K, 9 young (9216K), 2 survivors (2048K)
 Metaspace       used 66206K, committed 67904K, reserved 1114112K
  class space    used 9158K, committed 9984K, reserved 1048576K
GC Heap History (20 events):
Event: 3.582 GC heap before
{Heap before GC invocations=7 (full 0):
 garbage-first heap   total 87040K, used 44180K [0x0000000080000000, 0x0000000100000000)
  region size 1024K, 10 young (10240K), 7 survivors (7168K)
 Metaspace       used 35455K, committed 36288K, reserved 1114112K
  class space    used 4803K, committed 5184K, reserved 1048576K
}
Event: 3.586 GC heap after
{Heap after GC invocations=8 (full 0):
 garbage-first heap   total 87040K, used 43302K [0x0000000080000000, 0x0000000100000000)
  region size 1024K, 1 young (1024K), 1 survivors (1024K)
 Metaspace       used 35455K, committed 36288K, reserved 1114112K
  class space    used 4803K, committed 5184K, reserved 1048576K
}
Event: 4.005 GC heap before
{Heap before GC invocations=9 (full 0):
 garbage-first heap   total 87040K, used 74022K [0x0000000080000000, 0x0000000100000000)
  region size 1024K, 31 young (31744K), 1 survivors (1024K)
 Metaspace       used 39245K, committed 40192K, reserved 1114112K
  class space    used 5416K, committed 5888K, reserved 1048576K
}
Event: 4.008 GC heap after
{Heap after GC invocations=10 (full 0):
 garbage-first heap   total 87040K, used 44065K [0x0000000080000000, 0x0000000100000000)
  region size 1024K, 2 young (2048K), 2 survivors (2048K)
 Metaspace       used 39245K, committed 40192K, reserved 1114112K
  class space    used 5416K, committed 5888K, reserved 1048576K
}
Event: 4.424 GC heap before
{Heap before GC invocations=10 (full 0):
 garbage-first heap   total 87040K, used 75809K [0x0000000080000000, 0x0000000100000000)
  region size 1024K, 33 young (33792K), 2 survivors (2048K)
 Metaspace       used 43646K, committed 44864K, reserved 1114112K
  class space    used 6141K, committed 6720K, reserved 1048576K
}
Event: 4.429 GC heap after
{Heap after GC invocations=11 (full 0):
 garbage-first heap   total 87040K, used 45990K [0x0000000080000000, 0x0000000100000000)
  region size 1024K, 4 young (4096K), 4 survivors (4096K)
 Metaspace       used 43646K, committed 44864K, reserved 1114112K
  class space    used 6141K, committed 6720K, reserved 1048576K
}
Event: 4.741 GC heap before
{Heap before GC invocations=11 (full 0):
 garbage-first heap   total 87040K, used 75686K [0x0000000080000000, 0x0000000100000000)
  region size 1024K, 34 young (34816K), 4 survivors (4096K)
 Metaspace       used 48862K, committed 50176K, reserved 1114112K
  class space    used 6654K, committed 7296K, reserved 1048576K
}
Event: 4.747 GC heap after
{Heap after GC invocations=12 (full 0):
 garbage-first heap   total 87040K, used 49624K [0x0000000080000000, 0x0000000100000000)
  region size 1024K, 5 young (5120K), 5 survivors (5120K)
 Metaspace       used 48862K, committed 50176K, reserved 1114112K
  class space    used 6654K, committed 7296K, reserved 1048576K
}
Event: 5.119 GC heap before
{Heap before GC invocations=13 (full 0):
 garbage-first heap   total 97280K, used 79320K [0x0000000080000000, 0x0000000100000000)
  region size 1024K, 30 young (30720K), 5 survivors (5120K)
 Metaspace       used 51064K, committed 52352K, reserved 1114112K
  class space    used 6847K, committed 7488K, reserved 1048576K
}
Event: 5.126 GC heap after
{Heap after GC invocations=14 (full 0):
 garbage-first heap   total 97280K, used 52442K [0x0000000080000000, 0x0000000100000000)
  region size 1024K, 4 young (4096K), 4 survivors (4096K)
 Metaspace       used 51064K, committed 52352K, reserved 1114112K
  class space    used 6847K, committed 7488K, reserved 1048576K
}
Event: 5.679 GC heap before
{Heap before GC invocations=14 (full 0):
 garbage-first heap   total 97280K, used 85210K [0x0000000080000000, 0x0000000100000000)
  region size 1024K, 36 young (36864K), 4 survivors (4096K)
 Metaspace       used 54999K, committed 56448K, reserved 1114112K
  class space    used 7524K, committed 8256K, reserved 1048576K
}
Event: 5.684 GC heap after
{Heap after GC invocations=15 (full 0):
 garbage-first heap   total 116736K, used 54026K [0x0000000080000000, 0x0000000100000000)
  region size 1024K, 2 young (2048K), 2 survivors (2048K)
 Metaspace       used 54999K, committed 56448K, reserved 1114112K
  class space    used 7524K, committed 8256K, reserved 1048576K
}
Event: 5.843 GC heap before
{Heap before GC invocations=15 (full 0):
 garbage-first heap   total 116736K, used 62218K [0x0000000080000000, 0x0000000100000000)
  region size 1024K, 11 young (11264K), 2 survivors (2048K)
 Metaspace       used 55672K, committed 57152K, reserved 1114112K
  class space    used 7647K, committed 8384K, reserved 1048576K
}
Event: 5.847 GC heap after
{Heap after GC invocations=16 (full 0):
 garbage-first heap   total 116736K, used 55686K [0x0000000080000000, 0x0000000100000000)
  region size 1024K, 4 young (4096K), 4 survivors (4096K)
 Metaspace       used 55672K, committed 57152K, reserved 1114112K
  class space    used 7647K, committed 8384K, reserved 1048576K
}
Event: 6.416 GC heap before
{Heap before GC invocations=17 (full 0):
 garbage-first heap   total 116736K, used 115078K [0x0000000080000000, 0x0000000100000000)
  region size 1024K, 47 young (48128K), 4 survivors (4096K)
 Metaspace       used 58165K, committed 59648K, reserved 1114112K
  class space    used 7863K, committed 8576K, reserved 1048576K
}
Event: 6.426 GC heap after
{Heap after GC invocations=18 (full 0):
 garbage-first heap   total 126976K, used 76588K [0x0000000080000000, 0x0000000100000000)
  region size 1024K, 7 young (7168K), 7 survivors (7168K)
 Metaspace       used 58165K, committed 59648K, reserved 1114112K
  class space    used 7863K, committed 8576K, reserved 1048576K
}
Event: 7.001 GC heap before
{Heap before GC invocations=18 (full 0):
 garbage-first heap   total 126976K, used 112428K [0x0000000080000000, 0x0000000100000000)
  region size 1024K, 42 young (43008K), 7 survivors (7168K)
 Metaspace       used 62108K, committed 63744K, reserved 1114112K
  class space    used 8498K, committed 9280K, reserved 1048576K
}
Event: 7.010 GC heap after
{Heap after GC invocations=19 (full 0):
 garbage-first heap   total 126976K, used 79975K [0x0000000080000000, 0x0000000100000000)
  region size 1024K, 4 young (4096K), 4 survivors (4096K)
 Metaspace       used 62108K, committed 63744K, reserved 1114112K
  class space    used 8498K, committed 9280K, reserved 1048576K
}
Event: 7.430 GC heap before
{Heap before GC invocations=19 (full 0):
 garbage-first heap   total 126976K, used 113767K [0x0000000080000000, 0x0000000100000000)
  region size 1024K, 37 young (37888K), 4 survivors (4096K)
 Metaspace       used 65824K, committed 67520K, reserved 1114112K
  class space    used 9095K, committed 9920K, reserved 1048576K
}
Event: 7.436 GC heap after
{Heap after GC invocations=20 (full 0):
 garbage-first heap   total 126976K, used 81862K [0x0000000080000000, 0x0000000100000000)
  region size 1024K, 2 young (2048K), 2 survivors (2048K)
 Metaspace       used 65824K, committed 67520K, reserved 1114112K
  class space    used 9095K, committed 9920K, reserved 1048576K
}

