# JRE version: OpenJDK Runtime Environment (21.0.3) (build 21.0.3+-12282718-b509.11)
# Java VM: OpenJDK 64-Bit Server VM (21.0.3+-12282718-b509.11, mixed mode, tiered, compressed oops, compressed class ptrs, g1 gc, windows-amd64)
GC Precious Log:
 CardTable entry size: 512
 Card Set container configuration: InlinePtr #cards 5 size 8 Array Of Cards #cards 12 size 40 Howl #buckets 4 coarsen threshold 1843 Howl Bitmap #cards 512 size 80 coarsen threshold 460 Card regions per heap region 1 cards per card region 2048
 CPUs: 8 total, 8 available
 Memory: 8089M
 Large Page Support: Disabled
 NUMA Support: Disabled
 Compressed Oops: Enabled (32-bit)
 Heap Region Size: 1M
 Heap Min Capacity: 8M
 Heap Initial Capacity: 128M
 Heap Max Capacity: 2G
 Pre-touch: Disabled
 Parallel Workers: 8
 Concurrent Workers: 2
 Concurrent Refinement Workers: 8
 Periodic GC: Disabled
Heap:
 garbage-first heap   total 87040K, used 70845K [0x0000000080000000, 0x0000000100000000)
  region size 1024K, 41 young (41984K), 5 survivors (5120K)
 Metaspace       used 35093K, committed 35968K, reserved 1114112K
  class space    used 4747K, committed 5184K, reserved 1048576K
GC Heap History (10 events):
Event: 13.372 GC heap before
{Heap before GC invocations=0 (full 0):
 garbage-first heap   total 131072K, used 26624K [0x0000000080000000, 0x0000000100000000)
  region size 1024K, 23 young (23552K), 0 survivors (0K)
 Metaspace       used 8036K, committed 8192K, reserved 1114112K
  class space    used 716K, committed 768K, reserved 1048576K
}
Event: 13.380 GC heap after
{Heap after GC invocations=1 (full 0):
 garbage-first heap   total 131072K, used 9831K [0x0000000080000000, 0x0000000100000000)
  region size 1024K, 3 young (3072K), 3 survivors (3072K)
 Metaspace       used 8036K, committed 8192K, reserved 1114112K
  class space    used 716K, committed 768K, reserved 1048576K
}
Event: 15.146 GC heap before
{Heap before GC invocations=1 (full 0):
 garbage-first heap   total 131072K, used 40551K [0x0000000080000000, 0x0000000100000000)
  region size 1024K, 33 young (33792K), 3 survivors (3072K)
 Metaspace       used 12030K, committed 12224K, reserved 1114112K
  class space    used 1275K, committed 1408K, reserved 1048576K
}
Event: 15.153 GC heap after
{Heap after GC invocations=2 (full 0):
 garbage-first heap   total 131072K, used 11931K [0x0000000080000000, 0x0000000100000000)
  region size 1024K, 2 young (2048K), 2 survivors (2048K)
 Metaspace       used 12030K, committed 12224K, reserved 1114112K
  class space    used 1275K, committed 1408K, reserved 1048576K
}
Event: 26.509 GC heap before
{Heap before GC invocations=2 (full 0):
 garbage-first heap   total 131072K, used 72347K [0x0000000080000000, 0x0000000100000000)
  region size 1024K, 59 young (60416K), 2 survivors (2048K)
 Metaspace       used 19173K, committed 19520K, reserved 1114112K
  class space    used 2173K, committed 2304K, reserved 1048576K
}
Event: 26.517 GC heap after
{Heap after GC invocations=3 (full 0):
 garbage-first heap   total 131072K, used 19631K [0x0000000080000000, 0x0000000100000000)
  region size 1024K, 8 young (8192K), 8 survivors (8192K)
 Metaspace       used 19173K, committed 19520K, reserved 1114112K
  class space    used 2173K, committed 2304K, reserved 1048576K
}
Event: 26.764 GC heap before
{Heap before GC invocations=3 (full 0):
 garbage-first heap   total 131072K, used 27823K [0x0000000080000000, 0x0000000100000000)
  region size 1024K, 17 young (17408K), 8 survivors (8192K)
 Metaspace       used 21186K, committed 21504K, reserved 1114112K
  class space    used 2447K, committed 2624K, reserved 1048576K
}
Event: 26.771 GC heap after
{Heap after GC invocations=4 (full 0):
 garbage-first heap   total 131072K, used 21498K [0x0000000080000000, 0x0000000100000000)
  region size 1024K, 2 young (2048K), 2 survivors (2048K)
 Metaspace       used 21186K, committed 21504K, reserved 1114112K
  class space    used 2447K, committed 2624K, reserved 1048576K
}
Event: 28.296 GC heap before
{Heap before GC invocations=5 (full 0):
 garbage-first heap   total 81920K, used 80890K [0x0000000080000000, 0x0000000100000000)
  region size 1024K, 60 young (61440K), 2 survivors (2048K)
 Metaspace       used 30713K, committed 31360K, reserved 1114112K
  class space    used 3989K, committed 4288K, reserved 1048576K
}
Event: 28.301 GC heap after
{Heap after GC invocations=6 (full 0):
 garbage-first heap   total 87040K, used 24765K [0x0000000080000000, 0x0000000100000000)
  region size 1024K, 5 young (5120K), 5 survivors (5120K)
 Metaspace       used 30713K, committed 31360K, reserved 1114112K
  class space    used 3989K, committed 4288K, reserved 1048576K
}

