# JRE version: OpenJDK Runtime Environment (21.0.3) (build 21.0.3+-12282718-b509.11)
# Java VM: OpenJDK 64-Bit Server VM (21.0.3+-12282718-b509.11, mixed mode, tiered, compressed oops, compressed class ptrs, g1 gc, windows-amd64)
GC Precious Log:
 CardTable entry size: 512
 Card Set container configuration: InlinePtr #cards 5 size 8 Array Of Cards #cards 12 size 40 Howl #buckets 4 coarsen threshold 1843 Howl Bitmap #cards 512 size 80 coarsen threshold 460 Card regions per heap region 1 cards per card region 2048
 CPUs: 8 total, 8 available
 Memory: 8089M
 Large Page Support: Disabled
 NUMA Support: Disabled
 Compressed Oops: Enabled (32-bit)
 Heap Region Size: 1M
 Heap Min Capacity: 8M
 Heap Initial Capacity: 128M
 Heap Max Capacity: 2G
 Pre-touch: Disabled
 Parallel Workers: 8
 Concurrent Workers: 2
 Concurrent Refinement Workers: 8
 Periodic GC: Disabled
Heap:
 garbage-first heap   total 143360K, used 86984K [0x0000000080000000, 0x0000000100000000)
  region size 1024K, 9 young (9216K), 4 survivors (4096K)
 Metaspace       used 66266K, committed 67968K, reserved 1114112K
  class space    used 9175K, committed 9984K, reserved 1048576K
GC Heap History (20 events):
Event: 4.914 GC heap before
{Heap before GC invocations=7 (full 0):
 garbage-first heap   total 87040K, used 44878K [0x0000000080000000, 0x0000000100000000)
  region size 1024K, 11 young (11264K), 7 survivors (7168K)
 Metaspace       used 35459K, committed 36288K, reserved 1114112K
  class space    used 4809K, committed 5248K, reserved 1048576K
}
Event: 4.920 GC heap after
{Heap after GC invocations=8 (full 0):
 garbage-first heap   total 87040K, used 43347K [0x0000000080000000, 0x0000000100000000)
  region size 1024K, 1 young (1024K), 1 survivors (1024K)
 Metaspace       used 35459K, committed 36288K, reserved 1114112K
  class space    used 4809K, committed 5248K, reserved 1048576K
}
Event: 5.420 GC heap before
{Heap before GC invocations=9 (full 0):
 garbage-first heap   total 87040K, used 75091K [0x0000000080000000, 0x0000000100000000)
  region size 1024K, 32 young (32768K), 1 survivors (1024K)
 Metaspace       used 39435K, committed 40448K, reserved 1114112K
  class space    used 5455K, committed 5952K, reserved 1048576K
}
Event: 5.422 GC heap after
{Heap after GC invocations=10 (full 0):
 garbage-first heap   total 87040K, used 44358K [0x0000000080000000, 0x0000000100000000)
  region size 1024K, 2 young (2048K), 2 survivors (2048K)
 Metaspace       used 39435K, committed 40448K, reserved 1114112K
  class space    used 5455K, committed 5952K, reserved 1048576K
}
Event: 6.067 GC heap before
{Heap before GC invocations=10 (full 0):
 garbage-first heap   total 87040K, used 76102K [0x0000000080000000, 0x0000000100000000)
  region size 1024K, 33 young (33792K), 2 survivors (2048K)
 Metaspace       used 43923K, committed 45248K, reserved 1114112K
  class space    used 6187K, committed 6848K, reserved 1048576K
}
Event: 6.074 GC heap after
{Heap after GC invocations=11 (full 0):
 garbage-first heap   total 87040K, used 46194K [0x0000000080000000, 0x0000000100000000)
  region size 1024K, 4 young (4096K), 4 survivors (4096K)
 Metaspace       used 43923K, committed 45248K, reserved 1114112K
  class space    used 6187K, committed 6848K, reserved 1048576K
}
Event: 6.634 GC heap before
{Heap before GC invocations=11 (full 0):
 garbage-first heap   total 87040K, used 75890K [0x0000000080000000, 0x0000000100000000)
  region size 1024K, 34 young (34816K), 4 survivors (4096K)
 Metaspace       used 48895K, committed 50176K, reserved 1114112K
  class space    used 6672K, committed 7296K, reserved 1048576K
}
Event: 6.643 GC heap after
{Heap after GC invocations=12 (full 0):
 garbage-first heap   total 87040K, used 49919K [0x0000000080000000, 0x0000000100000000)
  region size 1024K, 5 young (5120K), 5 survivors (5120K)
 Metaspace       used 48895K, committed 50176K, reserved 1114112K
  class space    used 6672K, committed 7296K, reserved 1048576K
}
Event: 7.057 GC heap before
{Heap before GC invocations=13 (full 0):
 garbage-first heap   total 94208K, used 80639K [0x0000000080000000, 0x0000000100000000)
  region size 1024K, 30 young (30720K), 5 survivors (5120K)
 Metaspace       used 51269K, committed 52608K, reserved 1114112K
  class space    used 6889K, committed 7552K, reserved 1048576K
}
Event: 7.065 GC heap after
{Heap after GC invocations=14 (full 0):
 garbage-first heap   total 113664K, used 53454K [0x0000000080000000, 0x0000000100000000)
  region size 1024K, 4 young (4096K), 4 survivors (4096K)
 Metaspace       used 51269K, committed 52608K, reserved 1114112K
  class space    used 6889K, committed 7552K, reserved 1048576K
}
Event: 7.840 GC heap before
{Heap before GC invocations=14 (full 0):
 garbage-first heap   total 113664K, used 99534K [0x0000000080000000, 0x0000000100000000)
  region size 1024K, 48 young (49152K), 4 survivors (4096K)
 Metaspace       used 55861K, committed 57344K, reserved 1114112K
  class space    used 7681K, committed 8448K, reserved 1048576K
}
Event: 7.847 GC heap after
{Heap after GC invocations=15 (full 0):
 garbage-first heap   total 113664K, used 59930K [0x0000000080000000, 0x0000000100000000)
  region size 1024K, 5 young (5120K), 5 survivors (5120K)
 Metaspace       used 55861K, committed 57344K, reserved 1114112K
  class space    used 7681K, committed 8448K, reserved 1048576K
}
Event: 7.983 GC heap before
{Heap before GC invocations=15 (full 0):
 garbage-first heap   total 113664K, used 71194K [0x0000000080000000, 0x0000000100000000)
  region size 1024K, 17 young (17408K), 5 survivors (5120K)
 Metaspace       used 56026K, committed 57600K, reserved 1114112K
  class space    used 7683K, committed 8448K, reserved 1048576K
}
Event: 7.987 GC heap after
{Heap after GC invocations=16 (full 0):
 garbage-first heap   total 113664K, used 61522K [0x0000000080000000, 0x0000000100000000)
  region size 1024K, 3 young (3072K), 3 survivors (3072K)
 Metaspace       used 56026K, committed 57600K, reserved 1114112K
  class space    used 7683K, committed 8448K, reserved 1048576K
}
Event: 8.399 GC heap before
{Heap before GC invocations=17 (full 0):
 garbage-first heap   total 116736K, used 113746K [0x0000000080000000, 0x0000000100000000)
  region size 1024K, 41 young (41984K), 3 survivors (3072K)
 Metaspace       used 58614K, committed 60224K, reserved 1114112K
  class space    used 7940K, committed 8704K, reserved 1048576K
}
Event: 8.404 GC heap after
{Heap after GC invocations=18 (full 0):
 garbage-first heap   total 123904K, used 79210K [0x0000000080000000, 0x0000000100000000)
  region size 1024K, 6 young (6144K), 6 survivors (6144K)
 Metaspace       used 58614K, committed 60224K, reserved 1114112K
  class space    used 7940K, committed 8704K, reserved 1048576K
}
Event: 8.850 GC heap before
{Heap before GC invocations=18 (full 0):
 garbage-first heap   total 123904K, used 109930K [0x0000000080000000, 0x0000000100000000)
  region size 1024K, 36 young (36864K), 6 survivors (6144K)
 Metaspace       used 62710K, committed 64320K, reserved 1114112K
  class space    used 8606K, committed 9408K, reserved 1048576K
}
Event: 8.856 GC heap after
{Heap after GC invocations=19 (full 0):
 garbage-first heap   total 123904K, used 81092K [0x0000000080000000, 0x0000000100000000)
  region size 1024K, 3 young (3072K), 3 survivors (3072K)
 Metaspace       used 62710K, committed 64320K, reserved 1114112K
  class space    used 8606K, committed 9408K, reserved 1048576K
}
Event: 9.292 GC heap before
{Heap before GC invocations=19 (full 0):
 garbage-first heap   total 123904K, used 111812K [0x0000000080000000, 0x0000000100000000)
  region size 1024K, 33 young (33792K), 3 survivors (3072K)
 Metaspace       used 65958K, committed 67648K, reserved 1114112K
  class space    used 9125K, committed 9920K, reserved 1048576K
}
Event: 9.296 GC heap after
{Heap after GC invocations=20 (full 0):
 garbage-first heap   total 123904K, used 82888K [0x0000000080000000, 0x0000000100000000)
  region size 1024K, 4 young (4096K), 4 survivors (4096K)
 Metaspace       used 65958K, committed 67648K, reserved 1114112K
  class space    used 9125K, committed 9920K, reserved 1048576K
}

