# JRE version: OpenJDK Runtime Environment (21.0.3) (build 21.0.3+-12282718-b509.11)
# Java VM: OpenJDK 64-Bit Server VM (21.0.3+-12282718-b509.11, mixed mode, tiered, compressed oops, compressed class ptrs, g1 gc, windows-amd64)
GC Precious Log:
 CardTable entry size: 512
 Card Set container configuration: InlinePtr #cards 5 size 8 Array Of Cards #cards 12 size 40 Howl #buckets 4 coarsen threshold 1843 Howl Bitmap #cards 512 size 80 coarsen threshold 460 Card regions per heap region 1 cards per card region 2048
 CPUs: 8 total, 8 available
 Memory: 8089M
 Large Page Support: Disabled
 NUMA Support: Disabled
 Compressed Oops: Enabled (32-bit)
 Heap Region Size: 1M
 Heap Min Capacity: 8M
 Heap Initial Capacity: 128M
 Heap Max Capacity: 2G
 Pre-touch: Disabled
 Parallel Workers: 8
 Concurrent Workers: 2
 Concurrent Refinement Workers: 8
 Periodic GC: Disabled
Heap:
 garbage-first heap   total 251904K, used 146442K [0x0000000080000000, 0x0000000100000000)
  region size 1024K, 31 young (31744K), 9 survivors (9216K)
 Metaspace       used 70514K, committed 72256K, reserved 1114112K
  class space    used 9630K, committed 10496K, reserved 1048576K
GC Heap History (20 events):
Event: 15.490 GC heap before
{Heap before GC invocations=31 (full 0):
 garbage-first heap   total 184320K, used 147757K [0x0000000080000000, 0x0000000100000000)
  region size 1024K, 50 young (51200K), 9 survivors (9216K)
 Metaspace       used 69488K, committed 71232K, reserved 1114112K
  class space    used 9568K, committed 10432K, reserved 1048576K
}
Event: 15.506 GC heap after
{Heap after GC invocations=32 (full 0):
 garbage-first heap   total 184320K, used 115712K [0x0000000080000000, 0x0000000100000000)
  region size 1024K, 8 young (8192K), 8 survivors (8192K)
 Metaspace       used 69488K, committed 71232K, reserved 1114112K
  class space    used 9568K, committed 10432K, reserved 1048576K
}
Event: 16.035 GC heap before
{Heap before GC invocations=33 (full 0):
 garbage-first heap   total 209920K, used 162816K [0x0000000080000000, 0x0000000100000000)
  region size 1024K, 53 young (54272K), 8 survivors (8192K)
 Metaspace       used 70183K, committed 71936K, reserved 1114112K
  class space    used 9627K, committed 10496K, reserved 1048576K
}
Event: 16.045 GC heap after
{Heap after GC invocations=34 (full 0):
 garbage-first heap   total 209920K, used 120865K [0x0000000080000000, 0x0000000100000000)
  region size 1024K, 3 young (3072K), 3 survivors (3072K)
 Metaspace       used 70183K, committed 71936K, reserved 1114112K
  class space    used 9627K, committed 10496K, reserved 1048576K
}
Event: 16.306 GC heap before
{Heap before GC invocations=34 (full 0):
 garbage-first heap   total 209920K, used 182305K [0x0000000080000000, 0x0000000100000000)
  region size 1024K, 64 young (65536K), 3 survivors (3072K)
 Metaspace       used 70216K, committed 72000K, reserved 1114112K
  class space    used 9627K, committed 10496K, reserved 1048576K
}
Event: 16.312 GC heap after
{Heap after GC invocations=35 (full 0):
 garbage-first heap   total 251904K, used 119917K [0x0000000080000000, 0x0000000100000000)
  region size 1024K, 3 young (3072K), 3 survivors (3072K)
 Metaspace       used 70216K, committed 72000K, reserved 1114112K
  class space    used 9627K, committed 10496K, reserved 1048576K
}
Event: 16.992 GC heap before
{Heap before GC invocations=35 (full 0):
 garbage-first heap   total 251904K, used 216173K [0x0000000080000000, 0x0000000100000000)
  region size 1024K, 98 young (100352K), 3 survivors (3072K)
 Metaspace       used 70296K, committed 72064K, reserved 1114112K
  class space    used 9627K, committed 10496K, reserved 1048576K
}
Event: 16.997 GC heap after
{Heap after GC invocations=36 (full 0):
 garbage-first heap   total 251904K, used 121839K [0x0000000080000000, 0x0000000100000000)
  region size 1024K, 5 young (5120K), 5 survivors (5120K)
 Metaspace       used 70296K, committed 72064K, reserved 1114112K
  class space    used 9627K, committed 10496K, reserved 1048576K
}
Event: 17.423 GC heap before
{Heap before GC invocations=36 (full 0):
 garbage-first heap   total 251904K, used 228335K [0x0000000080000000, 0x0000000100000000)
  region size 1024K, 110 young (112640K), 5 survivors (5120K)
 Metaspace       used 70354K, committed 72064K, reserved 1114112K
  class space    used 9627K, committed 10496K, reserved 1048576K
}
Event: 17.430 GC heap after
{Heap after GC invocations=37 (full 0):
 garbage-first heap   total 251904K, used 122077K [0x0000000080000000, 0x0000000100000000)
  region size 1024K, 5 young (5120K), 5 survivors (5120K)
 Metaspace       used 70354K, committed 72064K, reserved 1114112K
  class space    used 9627K, committed 10496K, reserved 1048576K
}
Event: 18.106 GC heap before
{Heap before GC invocations=37 (full 0):
 garbage-first heap   total 251904K, used 232669K [0x0000000080000000, 0x0000000100000000)
  region size 1024K, 113 young (115712K), 5 survivors (5120K)
 Metaspace       used 70398K, committed 72192K, reserved 1114112K
  class space    used 9628K, committed 10496K, reserved 1048576K
}
Event: 18.112 GC heap after
{Heap after GC invocations=38 (full 0):
 garbage-first heap   total 251904K, used 122801K [0x0000000080000000, 0x0000000100000000)
  region size 1024K, 6 young (6144K), 6 survivors (6144K)
 Metaspace       used 70398K, committed 72192K, reserved 1114112K
  class space    used 9628K, committed 10496K, reserved 1048576K
}
Event: 18.690 GC heap before
{Heap before GC invocations=39 (full 0):
 garbage-first heap   total 251904K, used 230321K [0x0000000080000000, 0x0000000100000000)
  region size 1024K, 112 young (114688K), 6 survivors (6144K)
 Metaspace       used 70450K, committed 72192K, reserved 1114112K
  class space    used 9629K, committed 10496K, reserved 1048576K
}
Event: 18.697 GC heap after
{Heap after GC invocations=40 (full 0):
 garbage-first heap   total 251904K, used 123432K [0x0000000080000000, 0x0000000100000000)
  region size 1024K, 6 young (6144K), 6 survivors (6144K)
 Metaspace       used 70450K, committed 72192K, reserved 1114112K
  class space    used 9629K, committed 10496K, reserved 1048576K
}
Event: 19.346 GC heap before
{Heap before GC invocations=40 (full 0):
 garbage-first heap   total 251904K, used 231976K [0x0000000080000000, 0x0000000100000000)
  region size 1024K, 112 young (114688K), 6 survivors (6144K)
 Metaspace       used 70482K, committed 72256K, reserved 1114112K
  class space    used 9629K, committed 10496K, reserved 1048576K
}
Event: 19.355 GC heap after
{Heap after GC invocations=41 (full 0):
 garbage-first heap   total 251904K, used 122869K [0x0000000080000000, 0x0000000100000000)
  region size 1024K, 8 young (8192K), 8 survivors (8192K)
 Metaspace       used 70482K, committed 72256K, reserved 1114112K
  class space    used 9629K, committed 10496K, reserved 1048576K
}
Event: 19.784 GC heap before
{Heap before GC invocations=41 (full 0):
 garbage-first heap   total 251904K, used 229365K [0x0000000080000000, 0x0000000100000000)
  region size 1024K, 112 young (114688K), 8 survivors (8192K)
 Metaspace       used 70491K, committed 72256K, reserved 1114112K
  class space    used 9629K, committed 10496K, reserved 1048576K
}
Event: 19.793 GC heap after
{Heap after GC invocations=42 (full 0):
 garbage-first heap   total 251904K, used 124689K [0x0000000080000000, 0x0000000100000000)
  region size 1024K, 9 young (9216K), 9 survivors (9216K)
 Metaspace       used 70491K, committed 72256K, reserved 1114112K
  class space    used 9629K, committed 10496K, reserved 1048576K
}
Event: 20.366 GC heap before
{Heap before GC invocations=43 (full 0):
 garbage-first heap   total 251904K, used 228113K [0x0000000080000000, 0x0000000100000000)
  region size 1024K, 111 young (113664K), 9 survivors (9216K)
 Metaspace       used 70504K, committed 72256K, reserved 1114112K
  class space    used 9630K, committed 10496K, reserved 1048576K
}
Event: 20.376 GC heap after
{Heap after GC invocations=44 (full 0):
 garbage-first heap   total 251904K, used 124938K [0x0000000080000000, 0x0000000100000000)
  region size 1024K, 9 young (9216K), 9 survivors (9216K)
 Metaspace       used 70504K, committed 72256K, reserved 1114112K
  class space    used 9630K, committed 10496K, reserved 1048576K
}

