# JRE version: OpenJDK Runtime Environment (21.0.3) (build 21.0.3+-12282718-b509.11)
# Java VM: OpenJDK 64-Bit Server VM (21.0.3+-12282718-b509.11, mixed mode, tiered, compressed oops, compressed class ptrs, g1 gc, windows-amd64)
GC Precious Log:
 CardTable entry size: 512
 Card Set container configuration: InlinePtr #cards 5 size 8 Array Of Cards #cards 12 size 40 Howl #buckets 4 coarsen threshold 1843 Howl Bitmap #cards 512 size 80 coarsen threshold 460 Card regions per heap region 1 cards per card region 2048
 CPUs: 8 total, 8 available
 Memory: 8089M
 Large Page Support: Disabled
 NUMA Support: Disabled
 Compressed Oops: Enabled (32-bit)
 Heap Region Size: 1M
 Heap Min Capacity: 8M
 Heap Initial Capacity: 128M
 Heap Max Capacity: 2G
 Pre-touch: Disabled
 Parallel Workers: 8
 Concurrent Workers: 2
 Concurrent Refinement Workers: 8
 Periodic GC: Disabled
Heap:
 garbage-first heap   total 123904K, used 83546K [0x0000000080000000, 0x0000000100000000)
  region size 1024K, 5 young (5120K), 2 survivors (2048K)
 Metaspace       used 65253K, committed 66944K, reserved 1114112K
  class space    used 8969K, committed 9792K, reserved 1048576K
GC Heap History (20 events):
Event: 4.926 GC heap before
{Heap before GC invocations=7 (full 0):
 garbage-first heap   total 89088K, used 46316K [0x0000000080000000, 0x0000000100000000)
  region size 1024K, 12 young (12288K), 6 survivors (6144K)
 Metaspace       used 35112K, committed 35968K, reserved 1114112K
  class space    used 4742K, committed 5184K, reserved 1048576K
}
Event: 4.930 GC heap after
{Heap after GC invocations=8 (full 0):
 garbage-first heap   total 89088K, used 43393K [0x0000000080000000, 0x0000000100000000)
  region size 1024K, 2 young (2048K), 2 survivors (2048K)
 Metaspace       used 35112K, committed 35968K, reserved 1114112K
  class space    used 4742K, committed 5184K, reserved 1048576K
}
Event: 5.554 GC heap before
{Heap before GC invocations=9 (full 0):
 garbage-first heap   total 89088K, used 75137K [0x0000000080000000, 0x0000000100000000)
  region size 1024K, 33 young (33792K), 2 survivors (2048K)
 Metaspace       used 39115K, committed 40128K, reserved 1114112K
  class space    used 5389K, committed 5888K, reserved 1048576K
}
Event: 5.557 GC heap after
{Heap after GC invocations=10 (full 0):
 garbage-first heap   total 89088K, used 44793K [0x0000000080000000, 0x0000000100000000)
  region size 1024K, 4 young (4096K), 4 survivors (4096K)
 Metaspace       used 39115K, committed 40128K, reserved 1114112K
  class space    used 5389K, committed 5888K, reserved 1048576K
}
Event: 6.054 GC heap before
{Heap before GC invocations=10 (full 0):
 garbage-first heap   total 89088K, used 75513K [0x0000000080000000, 0x0000000100000000)
  region size 1024K, 35 young (35840K), 4 survivors (4096K)
 Metaspace       used 43531K, committed 44800K, reserved 1114112K
  class space    used 6120K, committed 6720K, reserved 1048576K
}
Event: 6.058 GC heap after
{Heap after GC invocations=11 (full 0):
 garbage-first heap   total 89088K, used 46261K [0x0000000080000000, 0x0000000100000000)
  region size 1024K, 4 young (4096K), 4 survivors (4096K)
 Metaspace       used 43531K, committed 44800K, reserved 1114112K
  class space    used 6120K, committed 6720K, reserved 1048576K
}
Event: 6.567 GC heap before
{Heap before GC invocations=11 (full 0):
 garbage-first heap   total 89088K, used 76981K [0x0000000080000000, 0x0000000100000000)
  region size 1024K, 35 young (35840K), 4 survivors (4096K)
 Metaspace       used 48846K, committed 50112K, reserved 1114112K
  class space    used 6653K, committed 7296K, reserved 1048576K
}
Event: 6.574 GC heap after
{Heap after GC invocations=12 (full 0):
 garbage-first heap   total 89088K, used 50033K [0x0000000080000000, 0x0000000100000000)
  region size 1024K, 5 young (5120K), 5 survivors (5120K)
 Metaspace       used 48846K, committed 50112K, reserved 1114112K
  class space    used 6653K, committed 7296K, reserved 1048576K
}
Event: 7.092 GC heap before
{Heap before GC invocations=13 (full 0):
 garbage-first heap   total 94208K, used 82801K [0x0000000080000000, 0x0000000100000000)
  region size 1024K, 32 young (32768K), 5 survivors (5120K)
 Metaspace       used 51344K, committed 52736K, reserved 1114112K
  class space    used 6896K, committed 7552K, reserved 1048576K
}
Event: 7.101 GC heap after
{Heap after GC invocations=14 (full 0):
 garbage-first heap   total 94208K, used 53835K [0x0000000080000000, 0x0000000100000000)
  region size 1024K, 4 young (4096K), 4 survivors (4096K)
 Metaspace       used 51344K, committed 52736K, reserved 1114112K
  class space    used 6896K, committed 7552K, reserved 1048576K
}
Event: 7.600 GC heap before
{Heap before GC invocations=14 (full 0):
 garbage-first heap   total 94208K, used 83531K [0x0000000080000000, 0x0000000100000000)
  region size 1024K, 33 young (33792K), 4 survivors (4096K)
 Metaspace       used 54896K, committed 56384K, reserved 1114112K
  class space    used 7501K, committed 8256K, reserved 1048576K
}
Event: 7.605 GC heap after
{Heap after GC invocations=15 (full 0):
 garbage-first heap   total 113664K, used 54947K [0x0000000080000000, 0x0000000100000000)
  region size 1024K, 2 young (2048K), 2 survivors (2048K)
 Metaspace       used 54896K, committed 56384K, reserved 1114112K
  class space    used 7501K, committed 8256K, reserved 1048576K
}
Event: 7.814 GC heap before
{Heap before GC invocations=15 (full 0):
 garbage-first heap   total 113664K, used 64163K [0x0000000080000000, 0x0000000100000000)
  region size 1024K, 12 young (12288K), 2 survivors (2048K)
 Metaspace       used 55637K, committed 57024K, reserved 1114112K
  class space    used 7638K, committed 8320K, reserved 1048576K
}
Event: 7.819 GC heap after
{Heap after GC invocations=16 (full 0):
 garbage-first heap   total 113664K, used 56580K [0x0000000080000000, 0x0000000100000000)
  region size 1024K, 4 young (4096K), 4 survivors (4096K)
 Metaspace       used 55637K, committed 57024K, reserved 1114112K
  class space    used 7638K, committed 8320K, reserved 1048576K
}
Event: 8.578 GC heap before
{Heap before GC invocations=17 (full 0):
 garbage-first heap   total 113664K, used 111876K [0x0000000080000000, 0x0000000100000000)
  region size 1024K, 43 young (44032K), 4 survivors (4096K)
 Metaspace       used 58096K, committed 59584K, reserved 1114112K
  class space    used 7822K, committed 8576K, reserved 1048576K
}
Event: 8.585 GC heap after
{Heap after GC invocations=18 (full 0):
 garbage-first heap   total 123904K, used 76886K [0x0000000080000000, 0x0000000100000000)
  region size 1024K, 6 young (6144K), 6 survivors (6144K)
 Metaspace       used 58096K, committed 59584K, reserved 1114112K
  class space    used 7822K, committed 8576K, reserved 1048576K
}
Event: 9.000 GC heap before
{Heap before GC invocations=18 (full 0):
 garbage-first heap   total 123904K, used 109654K [0x0000000080000000, 0x0000000100000000)
  region size 1024K, 38 young (38912K), 6 survivors (6144K)
 Metaspace       used 61398K, committed 62976K, reserved 1114112K
  class space    used 8364K, committed 9152K, reserved 1048576K
}
Event: 9.008 GC heap after
{Heap after GC invocations=19 (full 0):
 garbage-first heap   total 123904K, used 79685K [0x0000000080000000, 0x0000000100000000)
  region size 1024K, 4 young (4096K), 4 survivors (4096K)
 Metaspace       used 61398K, committed 62976K, reserved 1114112K
  class space    used 8364K, committed 9152K, reserved 1048576K
}
Event: 9.390 GC heap before
{Heap before GC invocations=19 (full 0):
 garbage-first heap   total 123904K, used 111429K [0x0000000080000000, 0x0000000100000000)
  region size 1024K, 35 young (35840K), 4 survivors (4096K)
 Metaspace       used 64864K, committed 66560K, reserved 1114112K
  class space    used 8903K, committed 9728K, reserved 1048576K
}
Event: 9.396 GC heap after
{Heap after GC invocations=20 (full 0):
 garbage-first heap   total 123904K, used 81498K [0x0000000080000000, 0x0000000100000000)
  region size 1024K, 2 young (2048K), 2 survivors (2048K)
 Metaspace       used 64864K, committed 66560K, reserved 1114112K
  class space    used 8903K, committed 9728K, reserved 1048576K
}

