# JRE version: OpenJDK Runtime Environment (21.0.3) (build 21.0.3+-12282718-b509.11)
# Java VM: OpenJDK 64-Bit Server VM (21.0.3+-12282718-b509.11, mixed mode, tiered, compressed oops, compressed class ptrs, g1 gc, windows-amd64)
GC Precious Log:
 CardTable entry size: 512
 Card Set container configuration: InlinePtr #cards 5 size 8 Array Of Cards #cards 12 size 40 Howl #buckets 4 coarsen threshold 1843 Howl Bitmap #cards 512 size 80 coarsen threshold 460 Card regions per heap region 1 cards per card region 2048
 CPUs: 8 total, 8 available
 Memory: 8089M
 Large Page Support: Disabled
 NUMA Support: Disabled
 Compressed Oops: Enabled (32-bit)
 Heap Region Size: 1M
 Heap Min Capacity: 8M
 Heap Initial Capacity: 128M
 Heap Max Capacity: 2G
 Pre-touch: Disabled
 Parallel Workers: 8
 Concurrent Workers: 2
 Concurrent Refinement Workers: 8
 Periodic GC: Disabled
Heap:
 garbage-first heap   total 181248K, used 135942K [0x0000000080000000, 0x0000000100000000)
  region size 1024K, 46 young (47104K), 5 survivors (5120K)
 Metaspace       used 78111K, committed 79872K, reserved 1179648K
  class space    used 10546K, committed 11456K, reserved 1048576K
GC Heap History (20 events):
Event: 7.201 GC heap before
{Heap before GC invocations=15 (full 0):
 garbage-first heap   total 108544K, used 76659K [0x0000000080000000, 0x0000000100000000)
  region size 1024K, 26 young (26624K), 3 survivors (3072K)
 Metaspace       used 55703K, committed 57152K, reserved 1114112K
  class space    used 7659K, committed 8384K, reserved 1048576K
}
Event: 7.205 GC heap after
{Heap after GC invocations=16 (full 0):
 garbage-first heap   total 108544K, used 57542K [0x0000000080000000, 0x0000000100000000)
  region size 1024K, 5 young (5120K), 5 survivors (5120K)
 Metaspace       used 55703K, committed 57152K, reserved 1114112K
  class space    used 7659K, committed 8384K, reserved 1048576K
}
Event: 8.373 GC heap before
{Heap before GC invocations=17 (full 0):
 garbage-first heap   total 108544K, used 107074K [0x0000000080000000, 0x0000000100000000)
  region size 1024K, 39 young (39936K), 5 survivors (5120K)
 Metaspace       used 58139K, committed 59648K, reserved 1114112K
  class space    used 7836K, committed 8576K, reserved 1048576K
}
Event: 8.382 GC heap after
{Heap after GC invocations=18 (full 0):
 garbage-first heap   total 119808K, used 76983K [0x0000000080000000, 0x0000000100000000)
  region size 1024K, 6 young (6144K), 6 survivors (6144K)
 Metaspace       used 58139K, committed 59648K, reserved 1114112K
  class space    used 7836K, committed 8576K, reserved 1048576K
}
Event: 8.751 GC heap before
{Heap before GC invocations=18 (full 0):
 garbage-first heap   total 119808K, used 105655K [0x0000000080000000, 0x0000000100000000)
  region size 1024K, 34 young (34816K), 6 survivors (6144K)
 Metaspace       used 59949K, committed 61632K, reserved 1114112K
  class space    used 8154K, committed 8960K, reserved 1048576K
}
Event: 8.757 GC heap after
{Heap after GC invocations=19 (full 0):
 garbage-first heap   total 119808K, used 78884K [0x0000000080000000, 0x0000000100000000)
  region size 1024K, 3 young (3072K), 3 survivors (3072K)
 Metaspace       used 59949K, committed 61632K, reserved 1114112K
  class space    used 8154K, committed 8960K, reserved 1048576K
}
Event: 9.323 GC heap before
{Heap before GC invocations=19 (full 0):
 garbage-first heap   total 119808K, used 107556K [0x0000000080000000, 0x0000000100000000)
  region size 1024K, 31 young (31744K), 3 survivors (3072K)
 Metaspace       used 63872K, committed 65472K, reserved 1114112K
  class space    used 8754K, committed 9536K, reserved 1048576K
}
Event: 9.328 GC heap after
{Heap after GC invocations=20 (full 0):
 garbage-first heap   total 119808K, used 80754K [0x0000000080000000, 0x0000000100000000)
  region size 1024K, 2 young (2048K), 2 survivors (2048K)
 Metaspace       used 63872K, committed 65472K, reserved 1114112K
  class space    used 8754K, committed 9536K, reserved 1048576K
}
Event: 9.938 GC heap before
{Heap before GC invocations=21 (full 0):
 garbage-first heap   total 142336K, used 108402K [0x0000000080000000, 0x0000000100000000)
  region size 1024K, 29 young (29696K), 2 survivors (2048K)
 Metaspace       used 66393K, committed 68160K, reserved 1114112K
  class space    used 9184K, committed 10048K, reserved 1048576K
}
Event: 9.942 GC heap after
{Heap after GC invocations=22 (full 0):
 garbage-first heap   total 142336K, used 82949K [0x0000000080000000, 0x0000000100000000)
  region size 1024K, 4 young (4096K), 4 survivors (4096K)
 Metaspace       used 66393K, committed 68160K, reserved 1114112K
  class space    used 9184K, committed 10048K, reserved 1048576K
}
Event: 12.239 GC heap before
{Heap before GC invocations=22 (full 0):
 garbage-first heap   total 142336K, used 125957K [0x0000000080000000, 0x0000000100000000)
  region size 1024K, 47 young (48128K), 4 survivors (4096K)
 Metaspace       used 76125K, committed 77952K, reserved 1179648K
  class space    used 10408K, committed 11328K, reserved 1048576K
}
Event: 12.247 GC heap after
{Heap after GC invocations=23 (full 0):
 garbage-first heap   total 142336K, used 86052K [0x0000000080000000, 0x0000000100000000)
  region size 1024K, 6 young (6144K), 6 survivors (6144K)
 Metaspace       used 76125K, committed 77952K, reserved 1179648K
  class space    used 10408K, committed 11328K, reserved 1048576K
}
Event: 16.652 GC heap before
{Heap before GC invocations=23 (full 0):
 garbage-first heap   total 142336K, used 125988K [0x0000000080000000, 0x0000000100000000)
  region size 1024K, 46 young (47104K), 6 survivors (6144K)
 Metaspace       used 77359K, committed 79104K, reserved 1179648K
  class space    used 10444K, committed 11328K, reserved 1048576K
}
Event: 16.662 GC heap after
{Heap after GC invocations=24 (full 0):
 garbage-first heap   total 142336K, used 89592K [0x0000000080000000, 0x0000000100000000)
  region size 1024K, 4 young (4096K), 4 survivors (4096K)
 Metaspace       used 77359K, committed 79104K, reserved 1179648K
  class space    used 10444K, committed 11328K, reserved 1048576K
}
Event: 21.143 GC heap before
{Heap before GC invocations=25 (full 0):
 garbage-first heap   total 155648K, used 127480K [0x0000000080000000, 0x0000000100000000)
  region size 1024K, 41 young (41984K), 4 survivors (4096K)
 Metaspace       used 77450K, committed 79232K, reserved 1179648K
  class space    used 10445K, committed 11328K, reserved 1048576K
}
Event: 21.148 GC heap after
{Heap after GC invocations=26 (full 0):
 garbage-first heap   total 155648K, used 89919K [0x0000000080000000, 0x0000000100000000)
  region size 1024K, 1 young (1024K), 1 survivors (1024K)
 Metaspace       used 77450K, committed 79232K, reserved 1179648K
  class space    used 10445K, committed 11328K, reserved 1048576K
}
Event: 23.082 GC heap before
{Heap before GC invocations=26 (full 0):
 garbage-first heap   total 155648K, used 144191K [0x0000000080000000, 0x0000000100000000)
  region size 1024K, 52 young (53248K), 1 survivors (1024K)
 Metaspace       used 78057K, committed 79872K, reserved 1179648K
  class space    used 10546K, committed 11456K, reserved 1048576K
}
Event: 23.087 GC heap after
{Heap after GC invocations=27 (full 0):
 garbage-first heap   total 155648K, used 94142K [0x0000000080000000, 0x0000000100000000)
  region size 1024K, 3 young (3072K), 3 survivors (3072K)
 Metaspace       used 78057K, committed 79872K, reserved 1179648K
  class space    used 10546K, committed 11456K, reserved 1048576K
}
Event: 23.338 GC heap before
{Heap before GC invocations=27 (full 0):
 garbage-first heap   total 155648K, used 141246K [0x0000000080000000, 0x0000000100000000)
  region size 1024K, 50 young (51200K), 3 survivors (3072K)
 Metaspace       used 78094K, committed 79872K, reserved 1179648K
  class space    used 10546K, committed 11456K, reserved 1048576K
}
Event: 23.343 GC heap after
{Heap after GC invocations=28 (full 0):
 garbage-first heap   total 155648K, used 96006K [0x0000000080000000, 0x0000000100000000)
  region size 1024K, 5 young (5120K), 5 survivors (5120K)
 Metaspace       used 78094K, committed 79872K, reserved 1179648K
  class space    used 10546K, committed 11456K, reserved 1048576K
}

